\BOOKMARK [0][-]{chapter.1}{\376\377\000H\000i\000e\000r\000a\000r\000c\000h\000i\000c\000a\000l\000\040\000I\000n\000d\000e\000x}{}% 1
\BOOKMARK [1][-]{section.1.1}{\376\377\000C\000l\000a\000s\000s\000\040\000H\000i\000e\000r\000a\000r\000c\000h\000y}{chapter.1}% 2
\BOOKMARK [0][-]{chapter.2}{\376\377\000C\000l\000a\000s\000s\000\040\000I\000n\000d\000e\000x}{}% 3
\BOOKMARK [1][-]{section.2.1}{\376\377\000C\000l\000a\000s\000s\000\040\000L\000i\000s\000t}{chapter.2}% 4
\BOOKMARK [0][-]{chapter.3}{\376\377\000C\000l\000a\000s\000s\000\040\000D\000o\000c\000u\000m\000e\000n\000t\000a\000t\000i\000o\000n}{}% 5
\BOOKMARK [1][-]{section.3.1}{\376\377\000A\000n\000a\000l\000o\000g\000O\000u\000t\000p\000u\000t\000.\000A\000n\000a\000l\000o\000g\000O\000u\000t\000p\000u\000t\000\040\000C\000l\000a\000s\000s\000\040\000R\000e\000f\000e\000r\000e\000n\000c\000e}{chapter.3}% 6
\BOOKMARK [2][-]{subsection.3.1.1}{\376\377\000D\000e\000t\000a\000i\000l\000e\000d\000\040\000D\000e\000s\000c\000r\000i\000p\000t\000i\000o\000n}{section.3.1}% 7
\BOOKMARK [2][-]{subsection.3.1.2}{\376\377\000C\000o\000n\000s\000t\000r\000u\000c\000t\000o\000r\000\040\000\046\000\040\000D\000e\000s\000t\000r\000u\000c\000t\000o\000r\000\040\000D\000o\000c\000u\000m\000e\000n\000t\000a\000t\000i\000o\000n}{section.3.1}% 8
\BOOKMARK [3][-]{subsubsection.3.1.2.1}{\376\377\000\137\000\137\000i\000n\000i\000t\000\137\000\137}{subsection.3.1.2}% 9
\BOOKMARK [3][-]{subsubsection.3.1.2.2}{\376\377\000\137\000\137\000d\000e\000l\000\137\000\137}{subsection.3.1.2}% 10
\BOOKMARK [2][-]{subsection.3.1.3}{\376\377\000M\000e\000m\000b\000e\000r\000\040\000F\000u\000n\000c\000t\000i\000o\000n\000\040\000D\000o\000c\000u\000m\000e\000n\000t\000a\000t\000i\000o\000n}{section.3.1}% 11
\BOOKMARK [3][-]{subsubsection.3.1.3.1}{\376\377\000c\000l\000o\000s\000e}{subsection.3.1.3}% 12
\BOOKMARK [3][-]{subsubsection.3.1.3.2}{\376\377\000c\000r\000e\000a\000t\000e\000S\000i\000n\000e\000T\000e\000s\000t\000B\000u\000f\000f\000e\000r}{subsection.3.1.3}% 13
\BOOKMARK [3][-]{subsubsection.3.1.3.3}{\376\377\000c\000r\000e\000a\000t\000e\000T\000e\000s\000t\000B\000u\000f\000f\000e\000r}{subsection.3.1.3}% 14
\BOOKMARK [3][-]{subsubsection.3.1.3.4}{\376\377\000g\000e\000t\000C\000l\000k\000S\000o\000u\000r\000c\000e}{subsection.3.1.3}% 15
\BOOKMARK [3][-]{subsubsection.3.1.3.5}{\376\377\000g\000e\000t\000N\000u\000m\000C\000h\000a\000n\000n\000e\000l\000s}{subsection.3.1.3}% 16
\BOOKMARK [3][-]{subsubsection.3.1.3.6}{\376\377\000g\000e\000t\000S\000a\000m\000p\000l\000e\000R\000a\000t\000e}{subsection.3.1.3}% 17
\BOOKMARK [3][-]{subsubsection.3.1.3.7}{\376\377\000g\000e\000t\000S\000a\000m\000p\000l\000e\000s\000P\000e\000r\000C\000h\000a\000n\000n\000e\000l}{subsection.3.1.3}% 18
\BOOKMARK [3][-]{subsubsection.3.1.3.8}{\376\377\000g\000e\000t\000S\000t\000a\000r\000t\000T\000r\000i\000g\000g\000e\000r\000S\000o\000u\000r\000c\000e}{subsection.3.1.3}% 19
\BOOKMARK [3][-]{subsubsection.3.1.3.9}{\376\377\000i\000n\000i\000t}{subsection.3.1.3}% 20
\BOOKMARK [3][-]{subsubsection.3.1.3.10}{\376\377\000s\000e\000t\000C\000l\000k\000S\000o\000u\000r\000c\000e}{subsection.3.1.3}% 21
\BOOKMARK [3][-]{subsubsection.3.1.3.11}{\376\377\000s\000e\000t\000S\000a\000m\000p\000l\000e\000R\000a\000t\000e}{subsection.3.1.3}% 22
\BOOKMARK [3][-]{subsubsection.3.1.3.12}{\376\377\000s\000e\000t\000S\000a\000m\000p\000l\000e\000s\000P\000e\000r\000C\000h\000a\000n\000n\000e\000l}{subsection.3.1.3}% 23
\BOOKMARK [3][-]{subsubsection.3.1.3.13}{\376\377\000s\000e\000t\000S\000t\000a\000r\000t\000T\000r\000i\000g\000g\000e\000r\000S\000o\000u\000r\000c\000e}{subsection.3.1.3}% 24
\BOOKMARK [3][-]{subsubsection.3.1.3.14}{\376\377\000s\000t\000a\000r\000t}{subsection.3.1.3}% 25
\BOOKMARK [3][-]{subsubsection.3.1.3.15}{\376\377\000s\000t\000o\000p}{subsection.3.1.3}% 26
\BOOKMARK [3][-]{subsubsection.3.1.3.16}{\376\377\000w\000a\000i\000t\000U\000n\000t\000i\000l\000D\000o\000n\000e}{subsection.3.1.3}% 27
\BOOKMARK [3][-]{subsubsection.3.1.3.17}{\376\377\000w\000r\000i\000t\000e\000T\000o\000B\000u\000f\000f\000e\000r}{subsection.3.1.3}% 28
\BOOKMARK [2][-]{subsection.3.1.4}{\376\377\000M\000e\000m\000b\000e\000r\000\040\000D\000a\000t\000a\000\040\000D\000o\000c\000u\000m\000e\000n\000t\000a\000t\000i\000o\000n}{section.3.1}% 29
\BOOKMARK [3][-]{subsubsection.3.1.4.1}{\376\377\000e\000s\000t\000A\000c\000q\000T\000i\000m\000e}{subsection.3.1.4}% 30
\BOOKMARK [3][-]{subsubsection.3.1.4.2}{\376\377\000i\000n\000i\000t\000i\000a\000l\000i\000z\000e\000d}{subsection.3.1.4}% 31
\BOOKMARK [3][-]{subsubsection.3.1.4.3}{\376\377\000l\000o\000o\000p\000s}{subsection.3.1.4}% 32
\BOOKMARK [3][-]{subsubsection.3.1.4.4}{\376\377\000m\000o\000d\000e}{subsection.3.1.4}% 33
\BOOKMARK [3][-]{subsubsection.3.1.4.5}{\376\377\000s\000t\000a\000r\000t\000T\000r\000i\000g\000g\000e\000r\000S\000y\000n\000c\000C\000a\000r\000d}{subsection.3.1.4}% 34
\BOOKMARK [3][-]{subsubsection.3.1.4.6}{\376\377\000s\000t\000a\000t\000u\000s}{subsection.3.1.4}% 35
\BOOKMARK [3][-]{subsubsection.3.1.4.7}{\376\377\000t\000a\000s\000k\000R\000e\000f}{subsection.3.1.4}% 36
\BOOKMARK [3][-]{subsubsection.3.1.4.8}{\376\377\000t\000r\000i\000g\000g\000e\000r\000T\000y\000p\000e}{subsection.3.1.4}% 37
\BOOKMARK [2][-]{subsection.3.1.5}{\376\377\000P\000r\000o\000p\000e\000r\000t\000y\000\040\000D\000o\000c\000u\000m\000e\000n\000t\000a\000t\000i\000o\000n}{section.3.1}% 38
\BOOKMARK [3][-]{subsubsection.3.1.5.1}{\376\377\000c\000l\000k\000S\000o\000u\000r\000c\000e}{subsection.3.1.5}% 39
\BOOKMARK [3][-]{subsubsection.3.1.5.2}{\376\377\000n\000u\000m\000C\000h\000a\000n\000n\000e\000l\000s}{subsection.3.1.5}% 40
\BOOKMARK [3][-]{subsubsection.3.1.5.3}{\376\377\000s\000a\000m\000p\000l\000e\000R\000a\000t\000e}{subsection.3.1.5}% 41
\BOOKMARK [3][-]{subsubsection.3.1.5.4}{\376\377\000s\000a\000m\000p\000l\000e\000s\000P\000e\000r\000C\000h\000a\000n\000n\000e\000l}{subsection.3.1.5}% 42
\BOOKMARK [3][-]{subsubsection.3.1.5.5}{\376\377\000s\000t\000a\000r\000t\000T\000r\000i\000g\000g\000e\000r\000S\000o\000u\000r\000c\000e}{subsection.3.1.5}% 43
\BOOKMARK [1][-]{section.3.2}{\376\377\000c\000h\000a\000s\000s\000i\000s\000C\000o\000n\000f\000i\000g\000P\000a\000r\000s\000e\000r\000.\000c\000h\000a\000s\000s\000i\000s\000C\000o\000n\000f\000i\000g\000P\000a\000r\000s\000e\000r\000\040\000C\000l\000a\000s\000s\000\040\000R\000e\000f\000e\000r\000e\000n\000c\000e}{chapter.3}% 44
\BOOKMARK [2][-]{subsection.3.2.1}{\376\377\000D\000e\000t\000a\000i\000l\000e\000d\000\040\000D\000e\000s\000c\000r\000i\000p\000t\000i\000o\000n}{section.3.2}% 45
\BOOKMARK [2][-]{subsection.3.2.2}{\376\377\000M\000e\000m\000b\000e\000r\000\040\000F\000u\000n\000c\000t\000i\000o\000n\000\040\000D\000o\000c\000u\000m\000e\000n\000t\000a\000t\000i\000o\000n}{section.3.2}% 46
\BOOKMARK [3][-]{subsubsection.3.2.2.1}{\376\377\000c\000r\000e\000a\000t\000e\000D\000e\000f\000a\000u\000l\000t\000F\000i\000l\000e}{subsection.3.2.2}% 47
\BOOKMARK [3][-]{subsubsection.3.2.2.2}{\376\377\000r\000e\000a\000d}{subsection.3.2.2}% 48
\BOOKMARK [3][-]{subsubsection.3.2.2.3}{\376\377\000w\000r\000i\000t\000e}{subsection.3.2.2}% 49
\BOOKMARK [1][-]{section.3.3}{\376\377\000D\000i\000g\000i\000t\000a\000l\000O\000u\000t\000p\000u\000t\000.\000D\000i\000g\000i\000t\000a\000l\000O\000u\000t\000p\000u\000t\000\040\000C\000l\000a\000s\000s\000\040\000R\000e\000f\000e\000r\000e\000n\000c\000e}{chapter.3}% 50
\BOOKMARK [2][-]{subsection.3.3.1}{\376\377\000D\000e\000t\000a\000i\000l\000e\000d\000\040\000D\000e\000s\000c\000r\000i\000p\000t\000i\000o\000n}{section.3.3}% 51
\BOOKMARK [2][-]{subsection.3.3.2}{\376\377\000C\000o\000n\000s\000t\000r\000u\000c\000t\000o\000r\000\040\000\046\000\040\000D\000e\000s\000t\000r\000u\000c\000t\000o\000r\000\040\000D\000o\000c\000u\000m\000e\000n\000t\000a\000t\000i\000o\000n}{section.3.3}% 52
\BOOKMARK [3][-]{subsubsection.3.3.2.1}{\376\377\000\137\000\137\000i\000n\000i\000t\000\137\000\137}{subsection.3.3.2}% 53
\BOOKMARK [3][-]{subsubsection.3.3.2.2}{\376\377\000\137\000\137\000d\000e\000l\000\137\000\137}{subsection.3.3.2}% 54
\BOOKMARK [2][-]{subsection.3.3.3}{\376\377\000M\000e\000m\000b\000e\000r\000\040\000F\000u\000n\000c\000t\000i\000o\000n\000\040\000D\000o\000c\000u\000m\000e\000n\000t\000a\000t\000i\000o\000n}{section.3.3}% 55
\BOOKMARK [3][-]{subsubsection.3.3.3.1}{\376\377\000c\000l\000o\000s\000e}{subsection.3.3.3}% 56
\BOOKMARK [3][-]{subsubsection.3.3.3.2}{\376\377\000c\000r\000e\000a\000t\000e\000T\000e\000s\000t\000B\000u\000f\000f\000e\000r}{subsection.3.3.3}% 57
\BOOKMARK [3][-]{subsubsection.3.3.3.3}{\376\377\000g\000e\000t\000C\000l\000k\000S\000o\000u\000r\000c\000e}{subsection.3.3.3}% 58
\BOOKMARK [3][-]{subsubsection.3.3.3.4}{\376\377\000g\000e\000t\000N\000u\000m\000C\000h\000a\000n\000n\000e\000l\000s}{subsection.3.3.3}% 59
\BOOKMARK [3][-]{subsubsection.3.3.3.5}{\376\377\000g\000e\000t\000N\000u\000m\000L\000i\000n\000e\000s}{subsection.3.3.3}% 60
\BOOKMARK [3][-]{subsubsection.3.3.3.6}{\376\377\000g\000e\000t\000S\000a\000m\000p\000l\000e\000R\000a\000t\000e}{subsection.3.3.3}% 61
\BOOKMARK [3][-]{subsubsection.3.3.3.7}{\376\377\000g\000e\000t\000S\000a\000m\000p\000l\000e\000s\000P\000e\000r\000C\000h\000a\000n\000n\000e\000l}{subsection.3.3.3}% 62
\BOOKMARK [3][-]{subsubsection.3.3.3.8}{\376\377\000i\000n\000i\000t}{subsection.3.3.3}% 63
\BOOKMARK [3][-]{subsubsection.3.3.3.9}{\376\377\000s\000e\000t\000C\000l\000k\000S\000o\000u\000r\000c\000e}{subsection.3.3.3}% 64
\BOOKMARK [3][-]{subsubsection.3.3.3.10}{\376\377\000s\000e\000t\000S\000a\000m\000p\000l\000e\000R\000a\000t\000e}{subsection.3.3.3}% 65
\BOOKMARK [3][-]{subsubsection.3.3.3.11}{\376\377\000s\000e\000t\000S\000a\000m\000p\000l\000e\000s\000P\000e\000r\000C\000h\000a\000n\000n\000e\000l}{subsection.3.3.3}% 66
\BOOKMARK [3][-]{subsubsection.3.3.3.12}{\376\377\000s\000t\000a\000r\000t}{subsection.3.3.3}% 67
\BOOKMARK [3][-]{subsubsection.3.3.3.13}{\376\377\000s\000t\000o\000p}{subsection.3.3.3}% 68
\BOOKMARK [3][-]{subsubsection.3.3.3.14}{\376\377\000w\000a\000i\000t\000U\000n\000t\000i\000l\000D\000o\000n\000e}{subsection.3.3.3}% 69
\BOOKMARK [3][-]{subsubsection.3.3.3.15}{\376\377\000w\000r\000i\000t\000e\000T\000o\000B\000u\000f\000f\000e\000r}{subsection.3.3.3}% 70
\BOOKMARK [2][-]{subsection.3.3.4}{\376\377\000M\000e\000m\000b\000e\000r\000\040\000D\000a\000t\000a\000\040\000D\000o\000c\000u\000m\000e\000n\000t\000a\000t\000i\000o\000n}{section.3.3}% 71
\BOOKMARK [3][-]{subsubsection.3.3.4.1}{\376\377\000i\000n\000i\000t\000i\000a\000l\000i\000z\000e\000d}{subsection.3.3.4}% 72
\BOOKMARK [3][-]{subsubsection.3.3.4.2}{\376\377\000l\000o\000o\000p\000s}{subsection.3.3.4}% 73
\BOOKMARK [3][-]{subsubsection.3.3.4.3}{\376\377\000m\000o\000d\000e}{subsection.3.3.4}% 74
\BOOKMARK [3][-]{subsubsection.3.3.4.4}{\376\377\000s\000t\000a\000t\000u\000s}{subsection.3.3.4}% 75
\BOOKMARK [3][-]{subsubsection.3.3.4.5}{\376\377\000t\000a\000s\000k\000R\000e\000f}{subsection.3.3.4}% 76
\BOOKMARK [2][-]{subsection.3.3.5}{\376\377\000P\000r\000o\000p\000e\000r\000t\000y\000\040\000D\000o\000c\000u\000m\000e\000n\000t\000a\000t\000i\000o\000n}{section.3.3}% 77
\BOOKMARK [3][-]{subsubsection.3.3.5.1}{\376\377\000c\000l\000k\000S\000o\000u\000r\000c\000e}{subsection.3.3.5}% 78
\BOOKMARK [3][-]{subsubsection.3.3.5.2}{\376\377\000s\000a\000m\000p\000l\000e\000R\000a\000t\000e}{subsection.3.3.5}% 79
\BOOKMARK [3][-]{subsubsection.3.3.5.3}{\376\377\000s\000a\000m\000p\000l\000e\000s\000P\000e\000r\000C\000h\000a\000n\000n\000e\000l}{subsection.3.3.5}% 80
\BOOKMARK [1][-]{section.3.4}{\376\377\000e\000M\000a\000p\000P\000a\000r\000s\000e\000r\000.\000e\000M\000a\000p\000P\000a\000r\000s\000e\000r\000\040\000C\000l\000a\000s\000s\000\040\000R\000e\000f\000e\000r\000e\000n\000c\000e}{chapter.3}% 81
\BOOKMARK [2][-]{subsection.3.4.1}{\376\377\000D\000e\000t\000a\000i\000l\000e\000d\000\040\000D\000e\000s\000c\000r\000i\000p\000t\000i\000o\000n}{section.3.4}% 82
\BOOKMARK [2][-]{subsection.3.4.2}{\376\377\000M\000e\000m\000b\000e\000r\000\040\000F\000u\000n\000c\000t\000i\000o\000n\000\040\000D\000o\000c\000u\000m\000e\000n\000t\000a\000t\000i\000o\000n}{section.3.4}% 83
\BOOKMARK [3][-]{subsubsection.3.4.2.1}{\376\377\000r\000e\000a\000d}{subsection.3.4.2}% 84
\BOOKMARK [1][-]{section.3.5}{\376\377\000f\000i\000l\000e\000P\000a\000r\000s\000e\000r\000.\000f\000i\000l\000e\000P\000a\000r\000s\000e\000r\000\040\000C\000l\000a\000s\000s\000\040\000R\000e\000f\000e\000r\000e\000n\000c\000e}{chapter.3}% 85
\BOOKMARK [2][-]{subsection.3.5.1}{\376\377\000D\000e\000t\000a\000i\000l\000e\000d\000\040\000D\000e\000s\000c\000r\000i\000p\000t\000i\000o\000n}{section.3.5}% 86
\BOOKMARK [2][-]{subsection.3.5.2}{\376\377\000C\000o\000n\000s\000t\000r\000u\000c\000t\000o\000r\000\040\000\046\000\040\000D\000e\000s\000t\000r\000u\000c\000t\000o\000r\000\040\000D\000o\000c\000u\000m\000e\000n\000t\000a\000t\000i\000o\000n}{section.3.5}% 87
\BOOKMARK [3][-]{subsubsection.3.5.2.1}{\376\377\000\137\000\137\000i\000n\000i\000t\000\137\000\137}{subsection.3.5.2}% 88
\BOOKMARK [2][-]{subsection.3.5.3}{\376\377\000M\000e\000m\000b\000e\000r\000\040\000F\000u\000n\000c\000t\000i\000o\000n\000\040\000D\000o\000c\000u\000m\000e\000n\000t\000a\000t\000i\000o\000n}{section.3.5}% 89
\BOOKMARK [3][-]{subsubsection.3.5.3.1}{\376\377\000c\000l\000o\000s\000e}{subsection.3.5.3}% 90
\BOOKMARK [3][-]{subsubsection.3.5.3.2}{\376\377\000g\000e\000t\000N\000u\000m\000L\000i\000n\000e\000s}{subsection.3.5.3}% 91
\BOOKMARK [3][-]{subsubsection.3.5.3.3}{\376\377\000o\000p\000e\000n}{subsection.3.5.3}% 92
\BOOKMARK [2][-]{subsection.3.5.4}{\376\377\000M\000e\000m\000b\000e\000r\000\040\000D\000a\000t\000a\000\040\000D\000o\000c\000u\000m\000e\000n\000t\000a\000t\000i\000o\000n}{section.3.5}% 93
\BOOKMARK [3][-]{subsubsection.3.5.4.1}{\376\377\000c\000o\000m\000m\000e\000n\000t\000s}{subsection.3.5.4}% 94
\BOOKMARK [3][-]{subsubsection.3.5.4.2}{\376\377\000e\000m\000p\000t\000y}{subsection.3.5.4}% 95
\BOOKMARK [3][-]{subsubsection.3.5.4.3}{\376\377\000f\000i\000l\000e\000O\000b\000j}{subsection.3.5.4}% 96
\BOOKMARK [3][-]{subsubsection.3.5.4.4}{\376\377\000m\000e\000t\000a}{subsection.3.5.4}% 97
\BOOKMARK [2][-]{subsection.3.5.5}{\376\377\000P\000r\000o\000p\000e\000r\000t\000y\000\040\000D\000o\000c\000u\000m\000e\000n\000t\000a\000t\000i\000o\000n}{section.3.5}% 98
\BOOKMARK [3][-]{subsubsection.3.5.5.1}{\376\377\000t\000o\000t\000a\000l\000L\000i\000n\000e\000s}{subsection.3.5.5}% 99
\BOOKMARK [1][-]{section.3.6}{\376\377\000f\000i\000l\000e\000P\000a\000r\000s\000e\000r\000.\000f\000i\000l\000e\000P\000a\000r\000s\000e\000r\000E\000r\000r\000o\000r\000\040\000C\000l\000a\000s\000s\000\040\000R\000e\000f\000e\000r\000e\000n\000c\000e}{chapter.3}% 100
\BOOKMARK [2][-]{subsection.3.6.1}{\376\377\000D\000e\000t\000a\000i\000l\000e\000d\000\040\000D\000e\000s\000c\000r\000i\000p\000t\000i\000o\000n}{section.3.6}% 101
\BOOKMARK [2][-]{subsection.3.6.2}{\376\377\000C\000o\000n\000s\000t\000r\000u\000c\000t\000o\000r\000\040\000\046\000\040\000D\000e\000s\000t\000r\000u\000c\000t\000o\000r\000\040\000D\000o\000c\000u\000m\000e\000n\000t\000a\000t\000i\000o\000n}{section.3.6}% 102
\BOOKMARK [3][-]{subsubsection.3.6.2.1}{\376\377\000\137\000\137\000i\000n\000i\000t\000\137\000\137}{subsection.3.6.2}% 103
\BOOKMARK [2][-]{subsection.3.6.3}{\376\377\000M\000e\000m\000b\000e\000r\000\040\000F\000u\000n\000c\000t\000i\000o\000n\000\040\000D\000o\000c\000u\000m\000e\000n\000t\000a\000t\000i\000o\000n}{section.3.6}% 104
\BOOKMARK [3][-]{subsubsection.3.6.3.1}{\376\377\000\137\000\137\000s\000t\000r\000\137\000\137}{subsection.3.6.3}% 105
\BOOKMARK [2][-]{subsection.3.6.4}{\376\377\000M\000e\000m\000b\000e\000r\000\040\000D\000a\000t\000a\000\040\000D\000o\000c\000u\000m\000e\000n\000t\000a\000t\000i\000o\000n}{section.3.6}% 106
\BOOKMARK [3][-]{subsubsection.3.6.4.1}{\376\377\000m\000s\000g}{subsection.3.6.4}% 107
\BOOKMARK [1][-]{section.3.7}{\376\377\000i\000t\000f\000P\000a\000r\000s\000e\000r\000.\000i\000t\000f\000P\000a\000r\000s\000e\000r\000\040\000C\000l\000a\000s\000s\000\040\000R\000e\000f\000e\000r\000e\000n\000c\000e}{chapter.3}% 108
\BOOKMARK [2][-]{subsection.3.7.1}{\376\377\000D\000e\000t\000a\000i\000l\000e\000d\000\040\000D\000e\000s\000c\000r\000i\000p\000t\000i\000o\000n}{section.3.7}% 109
\BOOKMARK [2][-]{subsection.3.7.2}{\376\377\000C\000o\000n\000s\000t\000r\000u\000c\000t\000o\000r\000\040\000\046\000\040\000D\000e\000s\000t\000r\000u\000c\000t\000o\000r\000\040\000D\000o\000c\000u\000m\000e\000n\000t\000a\000t\000i\000o\000n}{section.3.7}% 110
\BOOKMARK [3][-]{subsubsection.3.7.2.1}{\376\377\000\137\000\137\000i\000n\000i\000t\000\137\000\137}{subsection.3.7.2}% 111
\BOOKMARK [2][-]{subsection.3.7.3}{\376\377\000M\000e\000m\000b\000e\000r\000\040\000F\000u\000n\000c\000t\000i\000o\000n\000\040\000D\000o\000c\000u\000m\000e\000n\000t\000a\000t\000i\000o\000n}{section.3.7}% 112
\BOOKMARK [3][-]{subsubsection.3.7.3.1}{\376\377\000a\000p\000p\000e\000n\000d\000l\000i\000n\000e}{subsection.3.7.3}% 113
\BOOKMARK [3][-]{subsubsection.3.7.3.2}{\376\377\000e\000M\000a\000p\000R\000e\000a\000d}{subsection.3.7.3}% 114
\BOOKMARK [3][-]{subsubsection.3.7.3.3}{\376\377\000e\000M\000a\000p\000R\000e\000a\000d\000L\000i\000n\000e}{subsection.3.7.3}% 115
\BOOKMARK [3][-]{subsubsection.3.7.3.4}{\376\377\000e\000M\000a\000p\000R\000e\000a\000d\000L\000i\000n\000e\000s}{subsection.3.7.3}% 116
\BOOKMARK [3][-]{subsubsection.3.7.3.5}{\376\377\000r\000e\000a\000d}{subsection.3.7.3}% 117
\BOOKMARK [3][-]{subsubsection.3.7.3.6}{\376\377\000r\000e\000a\000d\000l\000i\000n\000e}{subsection.3.7.3}% 118
\BOOKMARK [3][-]{subsubsection.3.7.3.7}{\376\377\000r\000e\000a\000d\000l\000i\000n\000e\000s}{subsection.3.7.3}% 119
\BOOKMARK [2][-]{subsection.3.7.4}{\376\377\000M\000e\000m\000b\000e\000r\000\040\000D\000a\000t\000a\000\040\000D\000o\000c\000u\000m\000e\000n\000t\000a\000t\000i\000o\000n}{section.3.7}% 120
\BOOKMARK [3][-]{subsubsection.3.7.4.1}{\376\377\000c\000o\000m\000m\000e\000n\000t\000s}{subsection.3.7.4}% 121
\BOOKMARK [3][-]{subsubsection.3.7.4.2}{\376\377\000e\000M\000a\000p\000F\000i\000l\000e\000P\000a\000t\000h}{subsection.3.7.4}% 122
\BOOKMARK [3][-]{subsubsection.3.7.4.3}{\376\377\000e\000m\000p\000t\000y}{subsection.3.7.4}% 123
\BOOKMARK [3][-]{subsubsection.3.7.4.4}{\376\377\000m\000e\000t\000a}{subsection.3.7.4}% 124
\BOOKMARK [3][-]{subsubsection.3.7.4.5}{\376\377\000t\000a\000b\000l\000e\000H\000e\000a\000d\000e\000r}{subsection.3.7.4}% 125
\BOOKMARK [1][-]{section.3.8}{\376\377\000D\000A\000Q\000m\000x\000U\000t\000i\000l\000i\000t\000y\000.\000M\000o\000d\000e\000\040\000C\000l\000a\000s\000s\000\040\000R\000e\000f\000e\000r\000e\000n\000c\000e}{chapter.3}% 126
\BOOKMARK [2][-]{subsection.3.8.1}{\376\377\000D\000e\000t\000a\000i\000l\000e\000d\000\040\000D\000e\000s\000c\000r\000i\000p\000t\000i\000o\000n}{section.3.8}% 127
\BOOKMARK [2][-]{subsection.3.8.2}{\376\377\000M\000e\000m\000b\000e\000r\000\040\000D\000a\000t\000a\000\040\000D\000o\000c\000u\000m\000e\000n\000t\000a\000t\000i\000o\000n}{section.3.8}% 128
\BOOKMARK [3][-]{subsubsection.3.8.2.1}{\376\377\000C\000o\000n\000t\000i\000n\000u\000o\000u\000s}{subsection.3.8.2}% 129
\BOOKMARK [3][-]{subsubsection.3.8.2.2}{\376\377\000F\000i\000n\000i\000t\000e}{subsection.3.8.2}% 130
\BOOKMARK [3][-]{subsubsection.3.8.2.3}{\376\377\000S\000t\000a\000t\000i\000c}{subsection.3.8.2}% 131
\BOOKMARK [1][-]{section.3.9}{\376\377\000n\000i\000S\000y\000n\000c\000E\000r\000r\000o\000r\000.\000n\000i\000S\000y\000n\000c\000E\000r\000r\000o\000r\000\040\000C\000l\000a\000s\000s\000\040\000R\000e\000f\000e\000r\000e\000n\000c\000e}{chapter.3}% 132
\BOOKMARK [2][-]{subsection.3.9.1}{\376\377\000D\000e\000t\000a\000i\000l\000e\000d\000\040\000D\000e\000s\000c\000r\000i\000p\000t\000i\000o\000n}{section.3.9}% 133
\BOOKMARK [2][-]{subsection.3.9.2}{\376\377\000C\000o\000n\000s\000t\000r\000u\000c\000t\000o\000r\000\040\000\046\000\040\000D\000e\000s\000t\000r\000u\000c\000t\000o\000r\000\040\000D\000o\000c\000u\000m\000e\000n\000t\000a\000t\000i\000o\000n}{section.3.9}% 134
\BOOKMARK [3][-]{subsubsection.3.9.2.1}{\376\377\000\137\000\137\000i\000n\000i\000t\000\137\000\137}{subsection.3.9.2}% 135
\BOOKMARK [2][-]{subsection.3.9.3}{\376\377\000M\000e\000m\000b\000e\000r\000\040\000F\000u\000n\000c\000t\000i\000o\000n\000\040\000D\000o\000c\000u\000m\000e\000n\000t\000a\000t\000i\000o\000n}{section.3.9}% 136
\BOOKMARK [3][-]{subsubsection.3.9.3.1}{\376\377\000\137\000\137\000s\000t\000r\000\137\000\137}{subsection.3.9.3}% 137
\BOOKMARK [2][-]{subsection.3.9.4}{\376\377\000M\000e\000m\000b\000e\000r\000\040\000D\000a\000t\000a\000\040\000D\000o\000c\000u\000m\000e\000n\000t\000a\000t\000i\000o\000n}{section.3.9}% 138
\BOOKMARK [3][-]{subsubsection.3.9.4.1}{\376\377\000c\000o\000d\000e}{subsection.3.9.4}% 139
\BOOKMARK [3][-]{subsubsection.3.9.4.2}{\376\377\000m\000s\000g}{subsection.3.9.4}% 140
\BOOKMARK [1][-]{section.3.10}{\376\377\000T\000i\000m\000i\000n\000g\000.\000T\000i\000m\000i\000n\000g\000\040\000C\000l\000a\000s\000s\000\040\000R\000e\000f\000e\000r\000e\000n\000c\000e}{chapter.3}% 141
\BOOKMARK [2][-]{subsection.3.10.1}{\376\377\000D\000e\000t\000a\000i\000l\000e\000d\000\040\000D\000e\000s\000c\000r\000i\000p\000t\000i\000o\000n}{section.3.10}% 142
\BOOKMARK [2][-]{subsection.3.10.2}{\376\377\000C\000o\000n\000s\000t\000r\000u\000c\000t\000o\000r\000\040\000\046\000\040\000D\000e\000s\000t\000r\000u\000c\000t\000o\000r\000\040\000D\000o\000c\000u\000m\000e\000n\000t\000a\000t\000i\000o\000n}{section.3.10}% 143
\BOOKMARK [3][-]{subsubsection.3.10.2.1}{\376\377\000\137\000\137\000i\000n\000i\000t\000\137\000\137}{subsection.3.10.2}% 144
\BOOKMARK [3][-]{subsubsection.3.10.2.2}{\376\377\000\137\000\137\000d\000e\000l\000\137\000\137}{subsection.3.10.2}% 145
\BOOKMARK [2][-]{subsection.3.10.3}{\376\377\000M\000e\000m\000b\000e\000r\000\040\000F\000u\000n\000c\000t\000i\000o\000n\000\040\000D\000o\000c\000u\000m\000e\000n\000t\000a\000t\000i\000o\000n}{section.3.10}% 146
\BOOKMARK [3][-]{subsubsection.3.10.3.1}{\376\377\000c\000l\000o\000s\000e}{subsection.3.10.3}% 147
\BOOKMARK [3][-]{subsubsection.3.10.3.2}{\376\377\000i\000n\000i\000t}{subsection.3.10.3}% 148
\BOOKMARK [3][-]{subsubsection.3.10.3.3}{\376\377\000s\000e\000n\000d\000S\000o\000f\000t\000w\000a\000r\000e\000T\000r\000i\000g\000g\000e\000r}{subsection.3.10.3}% 149
\BOOKMARK [2][-]{subsection.3.10.4}{\376\377\000M\000e\000m\000b\000e\000r\000\040\000D\000a\000t\000a\000\040\000D\000o\000c\000u\000m\000e\000n\000t\000a\000t\000i\000o\000n}{section.3.10}% 150
\BOOKMARK [3][-]{subsubsection.3.10.4.1}{\376\377\000d\000d\000s\000F\000r\000e\000q}{subsection.3.10.4}% 151
\BOOKMARK [3][-]{subsubsection.3.10.4.2}{\376\377\000d\000i\000v\000i\000s\000o\000r}{subsection.3.10.4}% 152
\BOOKMARK [3][-]{subsubsection.3.10.4.3}{\376\377\000i\000n\000i\000t\000i\000a\000l\000i\000z\000e\000d}{subsection.3.10.4}% 153
\BOOKMARK [3][-]{subsubsection.3.10.4.4}{\376\377\000p\000x\000i\000S\000t\000a\000r\000S\000l\000o\000t\000s}{subsection.3.10.4}% 154
\BOOKMARK [3][-]{subsubsection.3.10.4.5}{\376\377\000r\000e\000s\000o\000u\000r\000c\000e\000N\000a\000m\000e}{subsection.3.10.4}% 155
\BOOKMARK [3][-]{subsubsection.3.10.4.6}{\376\377\000s\000a\000m\000p\000l\000e\000R\000a\000t\000e}{subsection.3.10.4}% 156
\BOOKMARK [3][-]{subsubsection.3.10.4.7}{\376\377\000s\000e\000s\000s\000i\000o\000n}{subsection.3.10.4}% 157
\BOOKMARK [3][-]{subsubsection.3.10.4.8}{\376\377\000s\000t\000a\000t\000u\000s}{subsection.3.10.4}% 158
\BOOKMARK [1][-]{section.3.11}{\376\377\000D\000A\000Q\000m\000x\000U\000t\000i\000l\000i\000t\000y\000.\000T\000r\000i\000g\000g\000e\000r\000T\000y\000p\000e\000\040\000C\000l\000a\000s\000s\000\040\000R\000e\000f\000e\000r\000e\000n\000c\000e}{chapter.3}% 159
\BOOKMARK [2][-]{subsection.3.11.1}{\376\377\000D\000e\000t\000a\000i\000l\000e\000d\000\040\000D\000e\000s\000c\000r\000i\000p\000t\000i\000o\000n}{section.3.11}% 160
\BOOKMARK [2][-]{subsection.3.11.2}{\376\377\000M\000e\000m\000b\000e\000r\000\040\000D\000a\000t\000a\000\040\000D\000o\000c\000u\000m\000e\000n\000t\000a\000t\000i\000o\000n}{section.3.11}% 161
\BOOKMARK [3][-]{subsubsection.3.11.2.1}{\376\377\000H\000a\000r\000d\000w\000a\000r\000e}{subsection.3.11.2}% 162
\BOOKMARK [3][-]{subsubsection.3.11.2.2}{\376\377\000S\000o\000f\000t\000w\000a\000r\000e}{subsection.3.11.2}% 163
\BOOKMARK [1][-]{section.3.12}{\376\377\000W\000a\000v\000e\000f\000o\000r\000m\000C\000h\000a\000s\000s\000i\000s\000.\000W\000a\000v\000e\000f\000o\000r\000m\000C\000h\000a\000s\000s\000i\000s\000\040\000C\000l\000a\000s\000s\000\040\000R\000e\000f\000e\000r\000e\000n\000c\000e}{chapter.3}% 164
\BOOKMARK [2][-]{subsection.3.12.1}{\376\377\000D\000e\000t\000a\000i\000l\000e\000d\000\040\000D\000e\000s\000c\000r\000i\000p\000t\000i\000o\000n}{section.3.12}% 165
\BOOKMARK [2][-]{subsection.3.12.2}{\376\377\000C\000o\000n\000s\000t\000r\000u\000c\000t\000o\000r\000\040\000\046\000\040\000D\000e\000s\000t\000r\000u\000c\000t\000o\000r\000\040\000D\000o\000c\000u\000m\000e\000n\000t\000a\000t\000i\000o\000n}{section.3.12}% 166
\BOOKMARK [3][-]{subsubsection.3.12.2.1}{\376\377\000\137\000\137\000i\000n\000i\000t\000\137\000\137}{subsection.3.12.2}% 167
\BOOKMARK [2][-]{subsection.3.12.3}{\376\377\000M\000e\000m\000b\000e\000r\000\040\000F\000u\000n\000c\000t\000i\000o\000n\000\040\000D\000o\000c\000u\000m\000e\000n\000t\000a\000t\000i\000o\000n}{section.3.12}% 168
\BOOKMARK [3][-]{subsubsection.3.12.3.1}{\376\377\000c\000l\000o\000s\000e}{subsection.3.12.3}% 169
\BOOKMARK [3][-]{subsubsection.3.12.3.2}{\376\377\000c\000r\000e\000a\000t\000e\000A\000o\000S\000i\000n\000e\000B\000u\000f\000f\000e\000r}{subsection.3.12.3}% 170
\BOOKMARK [3][-]{subsubsection.3.12.3.3}{\376\377\000c\000r\000e\000a\000t\000e\000D\000o\000T\000e\000s\000t\000B\000u\000f\000f\000e\000r}{subsection.3.12.3}% 171
\BOOKMARK [3][-]{subsubsection.3.12.3.4}{\376\377\000g\000e\000t\000N\000u\000m\000A\000o\000C\000h\000a\000n\000n\000e\000l\000s}{subsection.3.12.3}% 172
\BOOKMARK [3][-]{subsubsection.3.12.3.5}{\376\377\000g\000e\000t\000N\000u\000m\000D\000o\000C\000h\000a\000n\000n\000e\000l\000s}{subsection.3.12.3}% 173
\BOOKMARK [3][-]{subsubsection.3.12.3.6}{\376\377\000i\000n\000i\000t}{subsection.3.12.3}% 174
\BOOKMARK [3][-]{subsubsection.3.12.3.7}{\376\377\000i\000n\000i\000t\000F\000r\000o\000m\000F\000i\000l\000e}{subsection.3.12.3}% 175
\BOOKMARK [3][-]{subsubsection.3.12.3.8}{\376\377\000s\000t\000a\000r\000t}{subsection.3.12.3}% 176
\BOOKMARK [3][-]{subsubsection.3.12.3.9}{\376\377\000s\000t\000o\000p}{subsection.3.12.3}% 177
\BOOKMARK [3][-]{subsubsection.3.12.3.10}{\376\377\000w\000a\000i\000t\000U\000n\000t\000i\000l\000D\000o\000n\000e}{subsection.3.12.3}% 178
\BOOKMARK [3][-]{subsubsection.3.12.3.11}{\376\377\000w\000r\000i\000t\000e\000A\000o\000B\000u\000f\000f\000e\000r}{subsection.3.12.3}% 179
\BOOKMARK [3][-]{subsubsection.3.12.3.12}{\376\377\000w\000r\000i\000t\000e\000D\000o\000B\000u\000f\000f\000e\000r}{subsection.3.12.3}% 180
\BOOKMARK [3][-]{subsubsection.3.12.3.13}{\376\377\000w\000r\000i\000t\000e\000S\000t\000a\000r\000t\000S\000t\000o\000p}{subsection.3.12.3}% 181
\BOOKMARK [2][-]{subsection.3.12.4}{\376\377\000M\000e\000m\000b\000e\000r\000\040\000D\000a\000t\000a\000\040\000D\000o\000c\000u\000m\000e\000n\000t\000a\000t\000i\000o\000n}{section.3.12}% 182
\BOOKMARK [3][-]{subsubsection.3.12.4.1}{\376\377\000c\000l\000k\000S\000o\000u\000r\000c\000e}{subsection.3.12.4}% 183
\BOOKMARK [3][-]{subsubsection.3.12.4.2}{\376\377\000g\000e\000n\000s}{subsection.3.12.4}% 184
\BOOKMARK [3][-]{subsubsection.3.12.4.3}{\376\377\000l\000o\000o\000p\000s}{subsection.3.12.4}% 185
\BOOKMARK [3][-]{subsubsection.3.12.4.4}{\376\377\000m\000o\000d\000e}{subsection.3.12.4}% 186
\BOOKMARK [3][-]{subsubsection.3.12.4.5}{\376\377\000s\000a\000m\000p\000l\000e\000R\000a\000t\000e}{subsection.3.12.4}% 187
\BOOKMARK [3][-]{subsubsection.3.12.4.6}{\376\377\000s\000a\000m\000p\000l\000e\000s\000P\000e\000r\000C\000h\000a\000n\000n\000e\000l}{subsection.3.12.4}% 188
\BOOKMARK [3][-]{subsubsection.3.12.4.7}{\376\377\000s\000t\000a\000r\000t\000T\000r\000i\000g\000g\000e\000r\000S\000o\000u\000r\000c\000e}{subsection.3.12.4}% 189
\BOOKMARK [3][-]{subsubsection.3.12.4.8}{\376\377\000t\000i\000m\000i\000n\000g}{subsection.3.12.4}% 190
\BOOKMARK [3][-]{subsubsection.3.12.4.9}{\376\377\000t\000r\000i\000g\000g\000e\000r\000T\000y\000p\000e}{subsection.3.12.4}% 191
\BOOKMARK [3][-]{subsubsection.3.12.4.10}{\376\377\000u\000s\000e\000T\000i\000m\000i\000n\000g}{subsection.3.12.4}% 192
\BOOKMARK [1][-]{section.3.13}{\376\377\000W\000a\000v\000e\000f\000o\000r\000m\000G\000e\000n\000e\000r\000a\000t\000o\000r\000.\000W\000a\000v\000e\000f\000o\000r\000m\000G\000e\000n\000e\000r\000a\000t\000o\000r\000\040\000C\000l\000a\000s\000s\000\040\000R\000e\000f\000e\000r\000e\000n\000c\000e}{chapter.3}% 193
\BOOKMARK [2][-]{subsection.3.13.1}{\376\377\000D\000e\000t\000a\000i\000l\000e\000d\000\040\000D\000e\000s\000c\000r\000i\000p\000t\000i\000o\000n}{section.3.13}% 194
\BOOKMARK [2][-]{subsection.3.13.2}{\376\377\000C\000o\000n\000s\000t\000r\000u\000c\000t\000o\000r\000\040\000\046\000\040\000D\000e\000s\000t\000r\000u\000c\000t\000o\000r\000\040\000D\000o\000c\000u\000m\000e\000n\000t\000a\000t\000i\000o\000n}{section.3.13}% 195
\BOOKMARK [3][-]{subsubsection.3.13.2.1}{\376\377\000\137\000\137\000i\000n\000i\000t\000\137\000\137}{subsection.3.13.2}% 196
\BOOKMARK [2][-]{subsection.3.13.3}{\376\377\000M\000e\000m\000b\000e\000r\000\040\000F\000u\000n\000c\000t\000i\000o\000n\000\040\000D\000o\000c\000u\000m\000e\000n\000t\000a\000t\000i\000o\000n}{section.3.13}% 197
\BOOKMARK [3][-]{subsubsection.3.13.3.1}{\376\377\000c\000l\000o\000s\000e}{subsection.3.13.3}% 198
\BOOKMARK [3][-]{subsubsection.3.13.3.2}{\376\377\000i\000n\000i\000t}{subsection.3.13.3}% 199
\BOOKMARK [3][-]{subsubsection.3.13.3.3}{\376\377\000s\000t\000a\000r\000t}{subsection.3.13.3}% 200
\BOOKMARK [3][-]{subsubsection.3.13.3.4}{\376\377\000s\000t\000o\000p}{subsection.3.13.3}% 201
\BOOKMARK [3][-]{subsubsection.3.13.3.5}{\376\377\000w\000a\000i\000t\000U\000n\000t\000i\000l\000D\000o\000n\000e}{subsection.3.13.3}% 202
\BOOKMARK [3][-]{subsubsection.3.13.3.6}{\376\377\000w\000r\000i\000t\000e\000A\000o\000B\000u\000f\000f\000e\000r}{subsection.3.13.3}% 203
\BOOKMARK [3][-]{subsubsection.3.13.3.7}{\376\377\000w\000r\000i\000t\000e\000D\000o\000B\000u\000f\000f\000e\000r}{subsection.3.13.3}% 204
\BOOKMARK [2][-]{subsection.3.13.4}{\376\377\000M\000e\000m\000b\000e\000r\000\040\000D\000a\000t\000a\000\040\000D\000o\000c\000u\000m\000e\000n\000t\000a\000t\000i\000o\000n}{section.3.13}% 205
\BOOKMARK [3][-]{subsubsection.3.13.4.1}{\376\377\000a\000o}{subsection.3.13.4}% 206
\BOOKMARK [3][-]{subsubsection.3.13.4.2}{\376\377\000c\000l\000k\000S\000o\000u\000r\000c\000e}{subsection.3.13.4}% 207
\BOOKMARK [3][-]{subsubsection.3.13.4.3}{\376\377\000d\000o}{subsection.3.13.4}% 208
\BOOKMARK [3][-]{subsubsection.3.13.4.4}{\376\377\000l\000o\000o\000p\000s}{subsection.3.13.4}% 209
\BOOKMARK [3][-]{subsubsection.3.13.4.5}{\376\377\000m\000o\000d\000e}{subsection.3.13.4}% 210
\BOOKMARK [3][-]{subsubsection.3.13.4.6}{\376\377\000s\000a\000m\000p\000l\000e\000R\000a\000t\000e}{subsection.3.13.4}% 211
\BOOKMARK [3][-]{subsubsection.3.13.4.7}{\376\377\000s\000a\000m\000p\000l\000e\000s\000P\000e\000r\000C\000h\000a\000n\000n\000e\000l}{subsection.3.13.4}% 212
\BOOKMARK [3][-]{subsubsection.3.13.4.8}{\376\377\000s\000t\000a\000r\000t\000T\000r\000i\000g\000g\000e\000r\000S\000o\000u\000r\000c\000e}{subsection.3.13.4}% 213
\BOOKMARK [3][-]{subsubsection.3.13.4.9}{\376\377\000t\000r\000i\000g\000g\000e\000r\000T\000y\000p\000e}{subsection.3.13.4}% 214
\BOOKMARK [3][-]{subsubsection.3.13.4.10}{\376\377\000u\000s\000e\000A\000o}{subsection.3.13.4}% 215
\BOOKMARK [3][-]{subsubsection.3.13.4.11}{\376\377\000u\000s\000e\000D\000o}{subsection.3.13.4}% 216
\BOOKMARK [1][-]{section.3.14}{\376\377\000W\000a\000v\000e\000f\000o\000r\000m\000G\000e\000n\000e\000r\000a\000t\000o\000r\000.\000w\000r\000i\000t\000e\000S\000t\000a\000r\000t\000S\000t\000o\000p\000\040\000C\000l\000a\000s\000s\000\040\000R\000e\000f\000e\000r\000e\000n\000c\000e}{chapter.3}% 217
\BOOKMARK [-1][-]{section*.30}{\376\377\000I\000n\000d\000e\000x}{}% 218
